 
****************************************
Report : area
Design : windRF_M8_N8_F2_NBIT64
Version: F-2011.09-SP3
Date   : Mon Apr 26 17:46:47 2021
****************************************

Library(s) Used:

    NangateOpenCellLibrary (File: /home/mariagrazia.graziano/do/libnangate/NangateOpenCellLibrary_typical_ecsm.db)

Number of ports:                          345
Number of nets:                         13519
Number of cells:                        12116
Number of combinational cells:           9346
Number of sequential cells:              2770
Number of macros:                           0
Number of buf/inv:                       2496
Number of references:                      25

Combinational area:       14587.971989
Noncombinational area:    12525.939546
Net Interconnect area:      undefined  (Wire load has zero net area)

Total cell area:          27113.911535
Total area:                 undefined
1
