 
****************************************
Report : power
        -cell
        -analysis_effort low
        -sort_mode cell_internal_power
Design : SIPISOALU
Version: F-2011.09-SP3
Date   : Thu Apr 29 10:42:27 2021
****************************************


Library(s) Used:

    NangateOpenCellLibrary (File: /home/mariagrazia.graziano/do/libnangate/NangateOpenCellLibrary_typical_ecsm.db)


Operating Conditions: typical   Library: NangateOpenCellLibrary
Wire Load Model Mode: top

Design        Wire Load Model            Library
------------------------------------------------
SIPISOALU              5K_hvratio_1_1    NangateOpenCellLibrary


Global Operating Voltage = 1.1  
Power-specific unit information :
    Voltage Units = 1V
    Capacitance Units = 1.000000ff
    Time Units = 1ns
    Dynamic Power Units = 1uW    (derived from V,C,T units)
    Leakage Power Units = 1nW



  Attributes
  ----------
      h  -  Hierarchical cell

                        Cell      Driven Net  Tot Dynamic      Cell
                        Internal  Switching   Power            Leakage
Cell                    Power     Power       (% Cell/Tot)     Power      Attrs
--------------------------------------------------------------------------------
control/CURRENT_STATE_reg[0]
                          22.2353    5.0438     27.279 (82%)     85.7765   
control/CURRENT_STATE_reg[1]
                          21.1251    2.1817     23.307 (91%)     82.0736   
control/CURRENT_STATE_reg[2]
                          20.2166    2.1549     22.371 (90%)     82.0699   
PISO_reg[1]               19.7384    0.0562     19.795 (100%)   120.5587   
control/CURRENT_STATE_reg[4]
                          19.4119    0.1335     19.545 (99%)     82.4500   
PISO_reg[3]               19.3680    0.0332     19.401 (100%)    82.4519   
PISO_reg[0]               19.0309    0.0383     19.069 (100%)    82.4079   
PISO_reg[2]               19.0180    0.0481     19.066 (100%)    79.4943   
control/CURRENT_STATE_reg[3]
                          18.4766    1.8765     20.353 (91%)     82.4167   
PIPO_reg[1]               18.3583    0.3425     18.701 (98%)     82.3932   
PIPO_reg[0]               18.1861    0.2615     18.448 (99%)     82.4065   
SIPO_reg[2]               18.0479    0.2076     18.256 (99%)     81.5623   
SIPO_reg[1]               18.0317    0.5352     18.567 (97%)     81.7101   
SIPO_reg[0]               17.9585    0.5213     18.480 (97%)     81.9434   
PIPO_reg[2]               17.8881    0.4242     18.312 (98%)     81.8944   
PIPO_reg[3]               17.8378    0.1872     18.025 (99%)     81.9157   
U1031                      1.3527    0.5855      1.938 (70%)     25.8550   
U948                       1.2984    0.6114      1.910 (68%)     32.3219   
U953                       1.0299    1.0934      2.123 (49%)     59.0200   
U1020                      0.9760    0.4379      1.414 (69%)     53.0949   
U936                       0.9330    1.1344      2.067 (45%)     26.7471   
U949                       0.8609    0.5995      1.460 (59%)     32.6133   
U963                       0.7999    0.2919      1.092 (73%)     36.7835   
U929                       0.7697    0.3498      1.119 (69%)     22.6667   
U965                       0.7557    0.3095      1.065 (71%)     55.0244   
U994                       0.6827    0.2080      0.891 (77%)     26.3618   
U930                       0.6570    0.6473      1.304 (50%)     19.6752   
U1021                      0.6038    0.3780      0.982 (61%)     26.9737   
U931                       0.5849    0.4081      0.993 (59%)     30.4852   
U1013                      0.5684    0.2578      0.826 (69%)     26.7121   
U954                       0.5574    0.2750      0.832 (67%)     14.4608   
U956                       0.5296    0.2922      0.822 (64%)     44.0525   
U1010                      0.5178    0.2374      0.755 (69%)     32.9428   
U943                       0.5024    0.4091      0.911 (55%)     21.8965   
U998                       0.4822    0.1557      0.638 (76%)     37.6247   
U988                       0.4594    0.5473      1.007 (46%)     21.7812   
U995                       0.4440    0.2477      0.692 (64%)     43.7757   
U989                       0.4058    0.6359      1.042 (39%)     22.9566   
U973                       0.4026    0.8465      1.249 (32%)     51.6021   
U944                       0.3982    0.3295      0.728 (55%)     19.9191   
U939                       0.3722    0.1834      0.556 (67%)     26.6695   
U969                       0.3713    1.2058      1.577 (24%)     21.1995   
U1018                      0.3669    0.6530      1.020 (36%)      9.5200   
U967                       0.3619    1.5875      1.949 (19%)     17.3934   
U974                       0.3344    0.5496      0.884 (38%)     31.4997   
U1002                      0.3320    0.1226      0.455 (73%)     38.2726   
U951                       0.3274    0.2293      0.557 (59%)     10.6173   
U1025                      0.3269    0.1171      0.444 (74%)     36.3175   
U980                       0.3235    0.1577      0.481 (67%)     22.6294   
U1022                      0.3150    0.0816      0.397 (79%)     36.3444   
U960                       0.3058    2.3824      2.688 (11%)     11.5163   
U959                       0.2786    0.2089      0.488 (57%)     19.7283   
U1027                      0.2729    0.0912      0.364 (75%)     38.3756   
U982                       0.2716    0.2700      0.542 (50%)     26.8261   
U991                       0.2621    5.3910      5.653 (5%)      14.3532   
U1026                      0.2600    0.6452      0.905 (29%)     14.3532   
U968                       0.2599    0.6391      0.899 (29%)     14.3532   
U971                       0.2535    0.1315      0.385 (66%)     19.0014   
U983                       0.2526    0.3256      0.578 (44%)     17.5858   
U1029                      0.2520    0.1244      0.376 (67%)     24.3824   
U933                       0.2497    2.3538      2.604 (10%)     12.2156   
U1017                      0.2471    0.8716      1.119 (22%)      7.8968   
U970                       0.2397    0.4408      0.681 (35%)     32.6868   
U940                       0.2270    0.1459      0.373 (61%)     38.6916   
U1028                      0.2185    0.0772      0.296 (74%)     44.7438   
U990                       0.2171    1.1263      1.343 (16%)     17.1499   
U955                       0.2111    0.2679      0.479 (44%)     11.5894   
U1024                      0.2016    0.0813      0.283 (71%)     34.6064   
U1019                      0.2012    0.1111      0.312 (64%)     40.8256   
U934                       0.1932    0.2781      0.471 (41%)     25.4713   
U996                       0.1920    0.1630      0.355 (54%)     19.8101   
U952                       0.1918    0.1867      0.378 (51%)     19.8243   
U1015                      0.1909    0.0674      0.258 (74%)     44.9337   
U975                       0.1802    0.1238      0.304 (59%)     28.5052   
U958                       0.1761    0.2866      0.463 (38%)      6.4237   
U993                       0.1692    0.1176      0.287 (59%)     36.3501   
U1014                      0.1592    0.6161      0.775 (21%)     11.3574   
U999                       0.1589    0.7953      0.954 (17%)     17.6443   
U987                       0.1534    0.1042      0.258 (60%)     20.0079   
U961                       0.1517    0.1413      0.293 (52%)     20.1263   
U964                       0.1454    0.2543      0.400 (36%)     30.9200   
U1000                      0.1434    0.1320      0.275 (52%)     14.8754   
U981                       0.1396    0.1115      0.251 (56%)     18.2784   
U1023                      0.1382    0.1272      0.265 (52%)     14.8754   
U957                       0.1318    0.3297      0.462 (29%)     10.3378   
U966                       0.1286    0.0943      0.223 (58%)     38.6862   
U1016                      0.1238    0.0958      0.220 (56%)     36.1949   
U938                       0.1161    0.1556      0.272 (43%)     11.9103   
U962                       0.1114    0.2845      0.396 (28%)     18.0424   
U992                       0.0914    0.0862      0.178 (51%)     11.1573   
U937                       0.0912    0.0679      0.159 (57%)     53.8520   
U976                       0.0896    0.0858      0.175 (51%)     11.0669   
U946                       0.0730    0.1666      0.240 (30%)     18.4957   
U1001                      0.0728    0.0770      0.150 (49%)     19.3086   
U945                       0.0682    0.0837      0.152 (45%)     10.5708   
U972                       0.0620    0.0725      0.134 (46%)     31.7732   
U979                       0.0605    0.0288   8.92e-02 (68%)     21.4332   
U1004                      0.0601    0.1107      0.171 (35%)     31.1760   
U1003                      0.0601    0.0997      0.160 (38%)     31.1760   
U941                       0.0548    0.0278   8.26e-02 (66%)     29.8902   
U1009                      0.0548    0.0197   7.45e-02 (74%)     73.6679   
U1011                      0.0531    0.0142   6.72e-02 (79%)     41.0661   
U997                       0.0498    0.0240   7.37e-02 (68%)     21.3953   
U1006                      0.0462    0.0887      0.135 (34%)     15.9352   
U1007                      0.0460    0.0295   7.55e-02 (61%)     15.9352   
U977                       0.0424    0.0721      0.114 (37%)     36.8630   
U984                       0.0410    0.0260   6.69e-02 (61%)     45.9084   
U935                       0.0385    0.2078      0.246 (16%)     20.2678   
U985                       0.0378    0.0286   6.64e-02 (57%)      4.3817   
U947                       0.0363    0.0242   6.05e-02 (60%)     20.1798   
U932                       0.0355    0.0173   5.28e-02 (67%)     22.1718   
U978                       0.0339    0.0572   9.11e-02 (37%)     20.1627   
U1008                      0.0320    0.0269   5.90e-02 (54%)     29.3189   
U1012                      0.0313    0.0669   9.82e-02 (32%)     18.5552   
U1030                      0.0292    0.0199   4.91e-02 (59%)      6.1304   
U986                       0.0234    0.0291   5.24e-02 (45%)     18.4988   
U942                       0.0206    0.0187   3.93e-02 (52%)     24.1590   
U1005                      0.0206    0.0164   3.70e-02 (56%)     16.6843   
U950                       0.0000    0.0000      0.000 (N/A)      4.1611   
--------------------------------------------------------------------------------
Totals (119 cells)       334.166uW  52.066uW   386.232uW (87%)    4.000uW
1
