 
****************************************
Report : power
        -net
        -analysis_effort low
        -sort_mode net_switching_power
Design : SIPISOALU
Version: F-2011.09-SP3
Date   : Thu Apr 29 10:42:27 2021
****************************************


Library(s) Used:

    NangateOpenCellLibrary (File: /home/mariagrazia.graziano/do/libnangate/NangateOpenCellLibrary_typical_ecsm.db)


Operating Conditions: typical   Library: NangateOpenCellLibrary
Wire Load Model Mode: top

Design        Wire Load Model            Library
------------------------------------------------
SIPISOALU              5K_hvratio_1_1    NangateOpenCellLibrary


Global Operating Voltage = 1.1  
Power-specific unit information :
    Voltage Units = 1V
    Capacitance Units = 1.000000ff
    Time Units = 1ns
    Dynamic Power Units = 1uW    (derived from V,C,T units)
    Leakage Power Units = 1nW



  Attributes
  ----------
      a  -  Switching activity information annotated on net
      d  -  Default switching activity information on net

                             Total      Static   Toggle   Switching
Net                          Net Load   Prob.    Rate     Power      Attrs
--------------------------------------------------------------------------------
n1576                         33.861    0.500    0.2632      5.3910  d
n979                           8.513    0.745    0.4974      2.5621  
net16217                       8.268    0.255    0.4962      2.4817  
net16083                      12.436    0.833    0.3167      2.3824  
net16443                      14.743    0.751    0.2639      2.3538  
n998                          10.124    0.166    0.3178      1.9465  
net15994                      10.297    0.755    0.2548      1.5875  
net16146                       9.548    0.829    0.2276      1.3147  
net16012                       7.552    0.249    0.2639      1.2058  
n976                          18.683    0.105    0.1037      1.1719  
net16029                       5.344    0.698    0.3509      1.1344  
net16147                       8.140    0.171    0.2287      1.1263  
net16160                       9.654    0.122    0.1872      1.0934  
net15982                       8.841    0.887    0.1629      0.8716  
net16093                      10.047    0.028    0.1393      0.8465  
n975                           6.072    0.171    0.2287      0.8402  
net16118                       8.068    0.113    0.1629      0.7953  
net16140                      11.095    0.895    0.1050      0.7045  
n1692                          4.059    0.880    0.2659      0.6530  
n1653                          1.931    0.629    0.5541      0.6473  
n1700                          4.053    0.500    0.2632      0.6452  d
n1657                          4.014    0.500    0.2632      0.6391  d
n1676                          6.209    0.148    0.1693      0.6359  
n1696                          6.016    0.852    0.1693      0.6161  
n1558                          1.438    0.511    0.7027      0.6114  
net16021                       2.024    0.358    0.4896      0.5995  
net16002                       2.073    0.830    0.4668      0.5855  
net16003                       4.063    0.175    0.2236      0.5496  
n1697                          5.343    0.148    0.1693      0.5473  
net16135                       5.353    0.224    0.1361      0.4408  
n961                           9.148    0.900    0.0794      0.4396  
n1694                          2.073    0.268    0.3491      0.4379  
n1648                          1.961    0.506    0.3448      0.4091  
n1652                          1.960    0.761    0.3441      0.4081  
n1324                          1.473    0.705    0.4240      0.3780  
n1646                          1.894    0.158    0.3053      0.3498  
n1405                          7.071    0.101    0.0801      0.3425  
net16022                       3.913    0.972    0.1393      0.3297  
n1649                          1.974    0.550    0.2759      0.3295  
n1663                          2.024    0.120    0.2659      0.3256  
n1408                          6.567    0.891    0.0814      0.3232  
n1656                          1.968    0.230    0.2599      0.3095  
n1668                          5.367    0.888    0.0920      0.2986  
net16020                       1.972    0.222    0.2449      0.2922  
n781                           1.473    0.696    0.3274      0.2919  
net16007                       3.982    0.934    0.1189      0.2866  
net16444                       3.953    0.066    0.1189      0.2845  
n1688                          6.339    0.055    0.0725      0.2781  
net16163                       1.997    0.829    0.2276      0.2750  
n1662                          1.961    0.829    0.2276      0.2700  
net16019                       1.980    0.825    0.2236      0.2679  
n1691                          2.883    0.834    0.1478      0.2578  
net15998                       6.107    0.987    0.0688      0.2543  
n1680                          2.883    0.165    0.1420      0.2477  
n1677                          2.542    0.866    0.1544      0.2374  
net16143                       1.228    0.833    0.3167      0.2352  
n1655                          2.024    0.878    0.1872      0.2293  
n1564                          3.956    0.111    0.0931      0.2228  
net16018                       1.882    0.046    0.1835      0.2089  
n1687                          1.930    0.833    0.1781      0.2080  
net16079                      16.447    0.996    0.0209      0.2078  
n1409                          4.856    0.907    0.0707      0.2076  
n939                           3.960    0.888    0.0830      0.1989  
n1396                          3.876    0.110    0.0798      0.1872  
net16142                       1.894    0.113    0.1629      0.1867  
n1645                          1.980    0.190    0.1531      0.1834  
n1654                          4.002    0.013    0.0688      0.1666  
n1679                          1.894    0.812    0.1422      0.1630  
net16446                       1.915    0.224    0.1361      0.1577  
n1699                          1.284    0.176    0.2004      0.1557  
n1686                          4.603    0.954    0.0559      0.1556  
net16011                       2.024    0.108    0.1191      0.1459  
net16229                       1.900    0.954    0.1230      0.1413  
n1684                          1.980    0.943    0.1102      0.1320  
net16177                       1.284    0.148    0.1693      0.1315  
n1695                          1.980    0.942    0.1062      0.1272  
net16013                       1.981    0.904    0.1038      0.1244  
net15995                       1.930    0.019    0.1060      0.1238  
n1683                          1.256    0.838    0.1613      0.1226  
n1685                          2.010    0.124    0.0967      0.1176  
n1388                          2.010    0.113    0.0963      0.1171  
net16232                       1.974    0.072    0.0934      0.1115  
n1693                          1.940    0.971    0.0947      0.1111  
net15974                       6.090    0.994    0.0300      0.1107  
n544                           1.473    0.887    0.1169      0.1042  
n1669                          2.024    0.109    0.0825      0.1010  
n1672                          5.486    0.994    0.0300      0.0997  
net16031                       1.957    0.983    0.0810      0.0958  
n1667                          1.961    0.100    0.0806      0.0956  
net16024                       1.974    0.026    0.0789      0.0943  
n465                           1.438    0.124    0.1049      0.0912  
n1674                          6.048    0.988    0.0243      0.0887  
n1644                          1.473    0.876    0.0967      0.0862  
n1658                          1.473    0.887    0.0963      0.0858  
n1650                          1.909    0.945    0.0725      0.0837  
n1504                          6.976    0.004    0.0196      0.0827  
n1386                          1.438    0.122    0.0938      0.0816  
n1387                          1.438    0.121    0.0934      0.0813  
n53                            1.438    0.111    0.0887      0.0772  
n1671                          4.236    0.994    0.0300      0.0770  
net16033                       6.114    0.004    0.0196      0.0725  
n1673                          3.990    0.018    0.0299      0.0721  
n1681                          2.542    0.045    0.0442      0.0679  
n1217                          1.438    0.103    0.0775      0.0674  
n1566                          3.681    0.006    0.0300      0.0669  
n1661                          1.228    0.111    0.0842      0.0625  
n1659                          3.897    0.988    0.0243      0.0572  
net16136                       4.020    0.996    0.0209      0.0508  
n1642                          3.959    0.995    0.0201      0.0481  
n1641                          1.961    0.969    0.0277      0.0329  
n1675                          2.010    0.988    0.0243      0.0295  
n1666                          1.981    0.012    0.0243      0.0291  
n1665                          1.974    0.009    0.0242      0.0289  
n1660                          1.961    0.009    0.0243      0.0288  
n1664                          1.894    0.991    0.0250      0.0286  
n917                           1.473    0.966    0.0312      0.0278  
n1643                          1.961    0.991    0.0230      0.0273  
n1689                          1.974    0.006    0.0226      0.0269  
n1698                          2.024    0.007    0.0212      0.0260  
n797                           1.473    0.990    0.0271      0.0242  
n1678                          1.972    0.022    0.0201      0.0240  
n563                           1.473    0.996    0.0223      0.0199  
n1144                          1.438    0.005    0.0226      0.0197  
n1647                          1.926    0.003    0.0161      0.0187  
n1651                          1.961    0.003    0.0146      0.0173  
n1640                          1.906    0.997    0.0148      0.0170  
n1690                          2.073    0.024    0.0131      0.0164  
n1670                          1.974    0.003    0.0135      0.0161  
n1578                          1.473    0.997    0.0159      0.0142  
C                              0.310    0.031    0.0288      0.0054  
n1682                          1.255    1.000    0.0000      0.0000  
--------------------------------------------------------------------------------
Total (131 nets)                                            52.0663 uW
1
