 
****************************************
Report : power
        -analysis_effort low
Design : SIPISOALU
Version: F-2011.09-SP3
Date   : Thu Apr 29 10:13:40 2021
****************************************


Library(s) Used:

    NangateOpenCellLibrary (File: /home/mariagrazia.graziano/do/libnangate/NangateOpenCellLibrary_typical_ecsm.db)


Operating Conditions: typical   Library: NangateOpenCellLibrary
Wire Load Model Mode: top

Design        Wire Load Model            Library
------------------------------------------------
SIPISOALU              5K_hvratio_1_1    NangateOpenCellLibrary


Global Operating Voltage = 1.1  
Power-specific unit information :
    Voltage Units = 1V
    Capacitance Units = 1.000000ff
    Time Units = 1ns
    Dynamic Power Units = 1uW    (derived from V,C,T units)
    Leakage Power Units = 1nW


  Cell Internal Power  = 341.8588 uW   (86%)
  Net Switching Power  =  54.7802 uW   (14%)
                         ---------
Total Dynamic Power    = 396.6389 uW  (100%)

Cell Leakage Power     =   4.2145 uW


                 Internal         Switching           Leakage            Total
Power Group      Power            Power               Power              Power   (   %    )  Attrs
--------------------------------------------------------------------------------------------------
io_pad             0.0000            0.0000            0.0000            0.0000  (   0.00%)
memory             0.0000            0.0000            0.0000            0.0000  (   0.00%)
black_box          0.0000            0.0000            0.0000            0.0000  (   0.00%)
clock_network      0.0000            0.0000            0.0000            0.0000  (   0.00%)
register         305.8314           14.2328        1.3766e+03          321.4409  (  80.19%)
sequential         0.0000            0.0000            0.0000            0.0000  (   0.00%)
combinational     36.0274           40.5473        2.8379e+03           79.4126  (  19.81%)
--------------------------------------------------------------------------------------------------
Total            341.8588 uW        54.7802 uW     4.2145e+03 nW       400.8535 uW
1
