 
****************************************
Report : timing
        -path full
        -delay max
        -max_paths 1
Design : SIPISOALU
Version: F-2011.09-SP3
Date   : Thu Apr 29 10:10:53 2021
****************************************

Operating Conditions: typical   Library: NangateOpenCellLibrary
Wire Load Model Mode: top

  Startpoint: control/CURRENT_STATE_reg[4]
              (rising edge-triggered flip-flop clocked by CLK)
  Endpoint: control/CURRENT_STATE_reg[1]
            (rising edge-triggered flip-flop clocked by CLK)
  Path Group: CLK
  Path Type: max

  Des/Clust/Port     Wire Load Model       Library
  ------------------------------------------------
  SIPISOALU          5K_hvratio_1_1        NangateOpenCellLibrary

  Point                                                   Incr       Path
  --------------------------------------------------------------------------
  clock CLK (rise edge)                                   0.00       0.00
  clock network delay (ideal)                             0.00       0.00
  control/CURRENT_STATE_reg[4]/CK (DFFR_X1)               0.00       0.00 r
  control/CURRENT_STATE_reg[4]/Q (DFFR_X1)                0.11       0.11 r
  U514/ZN (OR2_X2)                                        0.05       0.15 r
  U515/ZN (INV_X1)                                        0.03       0.18 f
  U458/ZN (NAND4_X1)                                      0.03       0.21 r
  U457/ZN (OAI211_X1)                                     0.04       0.25 f
  U569/ZN (AOI221_X1)                                     0.08       0.33 r
  control/CURRENT_STATE_reg[1]/D (DFFS_X1)                0.01       0.34 r
  data arrival time                                                  0.34

  clock CLK (rise edge)                                   0.38       0.38
  clock network delay (ideal)                             0.00       0.38
  control/CURRENT_STATE_reg[1]/CK (DFFS_X1)               0.00       0.38 r
  library setup time                                     -0.04       0.34
  data required time                                                 0.34
  --------------------------------------------------------------------------
  data required time                                                 0.34
  data arrival time                                                 -0.34
  --------------------------------------------------------------------------
  slack (VIOLATED: increase signficant digits)                       0.00


1
