 
****************************************
Report : area
Design : windRF_M8_N8_F2_NBIT64
Version: F-2011.09-SP3
Date   : Mon Apr 26 17:45:45 2021
****************************************

Library(s) Used:

    NangateOpenCellLibrary (File: /home/mariagrazia.graziano/do/libnangate/NangateOpenCellLibrary_typical_ecsm.db)

Number of ports:                          345
Number of nets:                         13520
Number of cells:                        12119
Number of combinational cells:           9349
Number of sequential cells:              2770
Number of macros:                           0
Number of buf/inv:                       2497
Number of references:                      27

Combinational area:       14587.173989
Noncombinational area:    12525.939546
Net Interconnect area:      undefined  (Wire load has zero net area)

Total cell area:          27113.113534
Total area:                 undefined
1
