 
****************************************
Report : area
Design : windRF_M8_N8_F2_NBIT64
Version: F-2011.09-SP3
Date   : Mon Apr 26 17:44:32 2021
****************************************

Library(s) Used:

    NangateOpenCellLibrary (File: /home/mariagrazia.graziano/do/libnangate/NangateOpenCellLibrary_typical_ecsm.db)

Number of ports:                          345
Number of nets:                         11385
Number of cells:                         9977
Number of combinational cells:           7203
Number of sequential cells:              2770
Number of macros:                           0
Number of buf/inv:                        382
Number of references:                      35

Combinational area:       13182.694044
Noncombinational area:    12525.939546
Net Interconnect area:      undefined  (Wire load has zero net area)

Total cell area:          25708.633590
Total area:                 undefined
1
