Information: Updating design information... (UID-85)
Warning: Design 'windRF_M8_N8_F2_NBIT64' contains 1 high-fanout nets. A fanout number of 1000 will be used for delay calculations involving these nets. (TIM-134)
 
****************************************
Report : timing
        -path full
        -delay max
        -max_paths 1
Design : windRF_M8_N8_F2_NBIT64
Version: F-2011.09-SP3
Date   : Mon Apr 26 17:44:32 2021
****************************************

 # A fanout number of 1000 was used for high fanout net computations.

Operating Conditions: typical   Library: NangateOpenCellLibrary
Wire Load Model Mode: top

  Startpoint: STORE_DATA_reg
              (rising edge-triggered flip-flop)
  Endpoint: SPILL (output port)
  Path Group: (none)
  Path Type: max

  Des/Clust/Port     Wire Load Model       Library
  ------------------------------------------------
  windRF_M8_N8_F2_NBIT64
                     5K_hvratio_1_1        NangateOpenCellLibrary

  Point                                    Incr       Path
  -----------------------------------------------------------
  STORE_DATA_reg/CK (DFF_X1)               0.00 #     0.00 r
  STORE_DATA_reg/Q (DFF_X1)                0.09       0.09 r
  SPILL (out)                              0.00       0.10 r
  data arrival time                                   0.10
  -----------------------------------------------------------
  (Path is unconstrained)


1
